[kbplacer_plugin_action.py:77]: Plugin executed with KiCad version: 7.0.11
[kbplacer_plugin_action.py:78]: Plugin executed with python version: '3.10.12 (main, Nov 20 2023, 15:14:05) [GCC 11.4.0]'
[kbplacer_dialog.py:511]: Language: en
[kbplacer_plugin_action.py:94]: GUI state: {"switch_section": {"annotation": "MX{}", "layout_path": "/home/thousandeyed/Documents/Keyboard projects/vorona/source/vorona-pcb/kle-json.json", "x_distance": "19.05", "y_distance": "19.05"}, "switch_diodes_section": {"enable": true, "route_switches_with_diodes": true, "element_info": {"annotation_format": "D{}", "position_option": "Default", "position": {"relative_position": [5.08, 3.03], "orientation": 90.0, "side": "BACK"}, "template_path": ""}}, "additional_elements": {"elements_info": [{"annotation_format": "S{}", "position_option": "Custom", "position": {"relative_position": [0.0, 0.0], "orientation": 0.0, "side": "FRONT"}, "template_path": ""}]}, "misc_section": {"route_rows_and_columns": true, "template_path": ""}}
[key_placer.py:64]: Set key 1U distance: 19050000/19050000
[key_placer.py:426]: Diode info: ElementInfo(annotation_format='D{}', position_option=<PositionOption.DEFAULT: 'Default'>, position=ElementPosition(relative_position=Point(x=5.08, y=3.03), orientation=90.0, side=<Side.BACK: True>), template_path='')
[key_placer.py:468]: User layout: [['Tab', 'Q', 'W', 'E', 'R', 'T', 'Y', 'U', 'I', 'O', 'P', '{\n['], [{'c': '#c0cded'}, 'Caps Lock', 'A', 'S', 'D', 'F', 'G', 'H', 'J', 'K', 'L', ':\n;', "@\n'"], [{'w': 1.25}, 'Caps Lock', 'A', 'S', 'D', 'F', 'G', 'H', 'J', 'K', 'L', {'w': 1.75}, ':\n;'], [{'c': '#c0ede9'}, 'Shift', 'Z', 'X', 'C', 'V', 'B', 'N', 'M', '<\n,', '>\n.', '/', 'Enter'], [{'x': 0.25, 'w': 1.25}, 'Shift', 'Z', 'X', 'C', 'V', 'B', 'N', 'M', '<\n,', '>\n.', {'w': 1.5}, 'Enter'], [{'x': 0.25, 'w': 1.25}, 'Shift', 'Z', 'X', 'C', 'V', 'B', 'N', 'M', '<\n,', '>\n.', {'x': 0.25, 'w': 1.25, 'h': 2, 'w2': 1.5, 'h2': 1, 'x2': -0.25}, 'Enter'], [{'c': '#c6c0ed', 'w': 1.25}, 'Ctrl', 'GUI', {'x': 7.5}, 'GUI', {'w': 1.25}, 'Ctrl'], [{'y': -0.75, 'x': 2.5}, 'Alt', {'a': 7, 'w': 2.75}, '', {'w': 2.25}, '', {'a': 4}, 'Enc'], [{'y': -0.25, 'w': 1.25}, 'Ctrl', {'x': 9.5, 'w': 1.25}, 'Ctrl'], [{'y': -0.75, 'x': 1.5}, 'Enc', {'a': 7, 'w': 7}, '', {'a': 4}, 'Enc']]
[board_modifier.py:62]: Searching for MX1 footprint in /home/thousandeyed/Documents/Keyboard projects/vorona/source/vorona-pcb/vorona-pcb.kicad_pcb
[board_modifier.py:82]: Setting MX1 footprint position: (34525000, 34525000)
[board_modifier.py:62]: Searching for MX2 footprint in /home/thousandeyed/Documents/Keyboard projects/vorona/source/vorona-pcb/vorona-pcb.kicad_pcb
[board_modifier.py:82]: Setting MX2 footprint position: (53575000, 34525000)
[board_modifier.py:62]: Searching for MX3 footprint in /home/thousandeyed/Documents/Keyboard projects/vorona/source/vorona-pcb/vorona-pcb.kicad_pcb
[board_modifier.py:82]: Setting MX3 footprint position: (72625000, 34525000)
[board_modifier.py:62]: Searching for MX4 footprint in /home/thousandeyed/Documents/Keyboard projects/vorona/source/vorona-pcb/vorona-pcb.kicad_pcb
[board_modifier.py:82]: Setting MX4 footprint position: (91675000, 34525000)
[board_modifier.py:62]: Searching for MX5 footprint in /home/thousandeyed/Documents/Keyboard projects/vorona/source/vorona-pcb/vorona-pcb.kicad_pcb
[board_modifier.py:82]: Setting MX5 footprint position: (110725000, 34525000)
[board_modifier.py:62]: Searching for MX6 footprint in /home/thousandeyed/Documents/Keyboard projects/vorona/source/vorona-pcb/vorona-pcb.kicad_pcb
[board_modifier.py:82]: Setting MX6 footprint position: (129775000, 34525000)
[board_modifier.py:62]: Searching for MX7 footprint in /home/thousandeyed/Documents/Keyboard projects/vorona/source/vorona-pcb/vorona-pcb.kicad_pcb
[board_modifier.py:82]: Setting MX7 footprint position: (148825000, 34525000)
[board_modifier.py:62]: Searching for MX8 footprint in /home/thousandeyed/Documents/Keyboard projects/vorona/source/vorona-pcb/vorona-pcb.kicad_pcb
[board_modifier.py:82]: Setting MX8 footprint position: (167875000, 34525000)
[board_modifier.py:62]: Searching for MX9 footprint in /home/thousandeyed/Documents/Keyboard projects/vorona/source/vorona-pcb/vorona-pcb.kicad_pcb
[board_modifier.py:82]: Setting MX9 footprint position: (186925000, 34525000)
[board_modifier.py:62]: Searching for MX10 footprint in /home/thousandeyed/Documents/Keyboard projects/vorona/source/vorona-pcb/vorona-pcb.kicad_pcb
[board_modifier.py:82]: Setting MX10 footprint position: (205975000, 34525000)
[board_modifier.py:62]: Searching for MX11 footprint in /home/thousandeyed/Documents/Keyboard projects/vorona/source/vorona-pcb/vorona-pcb.kicad_pcb
[board_modifier.py:82]: Setting MX11 footprint position: (225025000, 34525000)
[board_modifier.py:62]: Searching for MX12 footprint in /home/thousandeyed/Documents/Keyboard projects/vorona/source/vorona-pcb/vorona-pcb.kicad_pcb
[board_modifier.py:82]: Setting MX12 footprint position: (244075000, 34525000)
[board_modifier.py:62]: Searching for MX13 footprint in /home/thousandeyed/Documents/Keyboard projects/vorona/source/vorona-pcb/vorona-pcb.kicad_pcb
[board_modifier.py:82]: Setting MX13 footprint position: (34525000, 53575000)
[board_modifier.py:62]: Searching for MX14 footprint in /home/thousandeyed/Documents/Keyboard projects/vorona/source/vorona-pcb/vorona-pcb.kicad_pcb
[board_modifier.py:82]: Setting MX14 footprint position: (53575000, 53575000)
[board_modifier.py:62]: Searching for MX15 footprint in /home/thousandeyed/Documents/Keyboard projects/vorona/source/vorona-pcb/vorona-pcb.kicad_pcb
[board_modifier.py:82]: Setting MX15 footprint position: (72625000, 53575000)
[board_modifier.py:62]: Searching for MX16 footprint in /home/thousandeyed/Documents/Keyboard projects/vorona/source/vorona-pcb/vorona-pcb.kicad_pcb
[board_modifier.py:82]: Setting MX16 footprint position: (91675000, 53575000)
[board_modifier.py:62]: Searching for MX17 footprint in /home/thousandeyed/Documents/Keyboard projects/vorona/source/vorona-pcb/vorona-pcb.kicad_pcb
[board_modifier.py:82]: Setting MX17 footprint position: (110725000, 53575000)
[board_modifier.py:62]: Searching for MX18 footprint in /home/thousandeyed/Documents/Keyboard projects/vorona/source/vorona-pcb/vorona-pcb.kicad_pcb
[board_modifier.py:82]: Setting MX18 footprint position: (129775000, 53575000)
[board_modifier.py:62]: Searching for MX19 footprint in /home/thousandeyed/Documents/Keyboard projects/vorona/source/vorona-pcb/vorona-pcb.kicad_pcb
[board_modifier.py:82]: Setting MX19 footprint position: (148825000, 53575000)
[board_modifier.py:62]: Searching for MX20 footprint in /home/thousandeyed/Documents/Keyboard projects/vorona/source/vorona-pcb/vorona-pcb.kicad_pcb
[board_modifier.py:82]: Setting MX20 footprint position: (167875000, 53575000)
[board_modifier.py:62]: Searching for MX21 footprint in /home/thousandeyed/Documents/Keyboard projects/vorona/source/vorona-pcb/vorona-pcb.kicad_pcb
[board_modifier.py:82]: Setting MX21 footprint position: (186925000, 53575000)
[board_modifier.py:62]: Searching for MX22 footprint in /home/thousandeyed/Documents/Keyboard projects/vorona/source/vorona-pcb/vorona-pcb.kicad_pcb
[board_modifier.py:82]: Setting MX22 footprint position: (205975000, 53575000)
[board_modifier.py:62]: Searching for MX23 footprint in /home/thousandeyed/Documents/Keyboard projects/vorona/source/vorona-pcb/vorona-pcb.kicad_pcb
[board_modifier.py:82]: Setting MX23 footprint position: (225025000, 53575000)
[board_modifier.py:62]: Searching for MX24 footprint in /home/thousandeyed/Documents/Keyboard projects/vorona/source/vorona-pcb/vorona-pcb.kicad_pcb
[board_modifier.py:82]: Setting MX24 footprint position: (244075000, 53575000)
[board_modifier.py:62]: Searching for MX25 footprint in /home/thousandeyed/Documents/Keyboard projects/vorona/source/vorona-pcb/vorona-pcb.kicad_pcb
[board_modifier.py:82]: Setting MX25 footprint position: (36906250, 72625000)
[board_modifier.py:62]: Searching for MX26 footprint in /home/thousandeyed/Documents/Keyboard projects/vorona/source/vorona-pcb/vorona-pcb.kicad_pcb
[board_modifier.py:82]: Setting MX26 footprint position: (58337500, 72625000)
[board_modifier.py:62]: Searching for MX27 footprint in /home/thousandeyed/Documents/Keyboard projects/vorona/source/vorona-pcb/vorona-pcb.kicad_pcb
[board_modifier.py:82]: Setting MX27 footprint position: (77387500, 72625000)
[board_modifier.py:62]: Searching for MX28 footprint in /home/thousandeyed/Documents/Keyboard projects/vorona/source/vorona-pcb/vorona-pcb.kicad_pcb
[board_modifier.py:82]: Setting MX28 footprint position: (96437500, 72625000)
[board_modifier.py:62]: Searching for MX29 footprint in /home/thousandeyed/Documents/Keyboard projects/vorona/source/vorona-pcb/vorona-pcb.kicad_pcb
[board_modifier.py:82]: Setting MX29 footprint position: (115487500, 72625000)
[board_modifier.py:62]: Searching for MX30 footprint in /home/thousandeyed/Documents/Keyboard projects/vorona/source/vorona-pcb/vorona-pcb.kicad_pcb
[board_modifier.py:82]: Setting MX30 footprint position: (134537500, 72625000)
[board_modifier.py:62]: Searching for MX31 footprint in /home/thousandeyed/Documents/Keyboard projects/vorona/source/vorona-pcb/vorona-pcb.kicad_pcb
[board_modifier.py:82]: Setting MX31 footprint position: (153587500, 72625000)
[board_modifier.py:62]: Searching for MX32 footprint in /home/thousandeyed/Documents/Keyboard projects/vorona/source/vorona-pcb/vorona-pcb.kicad_pcb
[board_modifier.py:82]: Setting MX32 footprint position: (172637500, 72625000)
[board_modifier.py:62]: Searching for MX33 footprint in /home/thousandeyed/Documents/Keyboard projects/vorona/source/vorona-pcb/vorona-pcb.kicad_pcb
[board_modifier.py:82]: Setting MX33 footprint position: (191687500, 72625000)
[board_modifier.py:62]: Searching for MX34 footprint in /home/thousandeyed/Documents/Keyboard projects/vorona/source/vorona-pcb/vorona-pcb.kicad_pcb
[board_modifier.py:82]: Setting MX34 footprint position: (210737500, 72625000)
[board_modifier.py:62]: Searching for MX35 footprint in /home/thousandeyed/Documents/Keyboard projects/vorona/source/vorona-pcb/vorona-pcb.kicad_pcb
[board_modifier.py:82]: Setting MX35 footprint position: (236931250, 72625000)
[board_modifier.py:62]: Searching for MX36 footprint in /home/thousandeyed/Documents/Keyboard projects/vorona/source/vorona-pcb/vorona-pcb.kicad_pcb
[board_modifier.py:82]: Setting MX36 footprint position: (34525000, 91675000)
[board_modifier.py:62]: Searching for MX37 footprint in /home/thousandeyed/Documents/Keyboard projects/vorona/source/vorona-pcb/vorona-pcb.kicad_pcb
[board_modifier.py:82]: Setting MX37 footprint position: (53575000, 91675000)
[board_modifier.py:62]: Searching for MX38 footprint in /home/thousandeyed/Documents/Keyboard projects/vorona/source/vorona-pcb/vorona-pcb.kicad_pcb
[board_modifier.py:82]: Setting MX38 footprint position: (72625000, 91675000)
[board_modifier.py:62]: Searching for MX39 footprint in /home/thousandeyed/Documents/Keyboard projects/vorona/source/vorona-pcb/vorona-pcb.kicad_pcb
[board_modifier.py:82]: Setting MX39 footprint position: (91675000, 91675000)
[board_modifier.py:62]: Searching for MX40 footprint in /home/thousandeyed/Documents/Keyboard projects/vorona/source/vorona-pcb/vorona-pcb.kicad_pcb
[board_modifier.py:82]: Setting MX40 footprint position: (110725000, 91675000)
[board_modifier.py:62]: Searching for MX41 footprint in /home/thousandeyed/Documents/Keyboard projects/vorona/source/vorona-pcb/vorona-pcb.kicad_pcb
[board_modifier.py:82]: Setting MX41 footprint position: (129775000, 91675000)
[board_modifier.py:62]: Searching for MX42 footprint in /home/thousandeyed/Documents/Keyboard projects/vorona/source/vorona-pcb/vorona-pcb.kicad_pcb
[board_modifier.py:82]: Setting MX42 footprint position: (148825000, 91675000)
[board_modifier.py:62]: Searching for MX43 footprint in /home/thousandeyed/Documents/Keyboard projects/vorona/source/vorona-pcb/vorona-pcb.kicad_pcb
[board_modifier.py:82]: Setting MX43 footprint position: (167875000, 91675000)
[board_modifier.py:62]: Searching for MX44 footprint in /home/thousandeyed/Documents/Keyboard projects/vorona/source/vorona-pcb/vorona-pcb.kicad_pcb
[board_modifier.py:82]: Setting MX44 footprint position: (186925000, 91675000)
[board_modifier.py:62]: Searching for MX45 footprint in /home/thousandeyed/Documents/Keyboard projects/vorona/source/vorona-pcb/vorona-pcb.kicad_pcb
[board_modifier.py:82]: Setting MX45 footprint position: (205975000, 91675000)
[board_modifier.py:62]: Searching for MX46 footprint in /home/thousandeyed/Documents/Keyboard projects/vorona/source/vorona-pcb/vorona-pcb.kicad_pcb
[board_modifier.py:82]: Setting MX46 footprint position: (225025000, 91675000)
[board_modifier.py:62]: Searching for MX47 footprint in /home/thousandeyed/Documents/Keyboard projects/vorona/source/vorona-pcb/vorona-pcb.kicad_pcb
[board_modifier.py:82]: Setting MX47 footprint position: (244075000, 91675000)
[board_modifier.py:62]: Searching for MX48 footprint in /home/thousandeyed/Documents/Keyboard projects/vorona/source/vorona-pcb/vorona-pcb.kicad_pcb
[board_modifier.py:82]: Setting MX48 footprint position: (41668750, 110725000)
[board_modifier.py:62]: Searching for MX49 footprint in /home/thousandeyed/Documents/Keyboard projects/vorona/source/vorona-pcb/vorona-pcb.kicad_pcb
[board_modifier.py:82]: Setting MX49 footprint position: (63100000, 110725000)
[board_modifier.py:62]: Searching for MX50 footprint in /home/thousandeyed/Documents/Keyboard projects/vorona/source/vorona-pcb/vorona-pcb.kicad_pcb
[board_modifier.py:82]: Setting MX50 footprint position: (82150000, 110725000)
[board_modifier.py:62]: Searching for MX51 footprint in /home/thousandeyed/Documents/Keyboard projects/vorona/source/vorona-pcb/vorona-pcb.kicad_pcb
[board_modifier.py:82]: Setting MX51 footprint position: (101200000, 110725000)
[board_modifier.py:62]: Searching for MX52 footprint in /home/thousandeyed/Documents/Keyboard projects/vorona/source/vorona-pcb/vorona-pcb.kicad_pcb
[board_modifier.py:82]: Setting MX52 footprint position: (120250000, 110725000)
[board_modifier.py:62]: Searching for MX53 footprint in /home/thousandeyed/Documents/Keyboard projects/vorona/source/vorona-pcb/vorona-pcb.kicad_pcb
[board_modifier.py:82]: Setting MX53 footprint position: (139300000, 110725000)
[board_modifier.py:62]: Searching for MX54 footprint in /home/thousandeyed/Documents/Keyboard projects/vorona/source/vorona-pcb/vorona-pcb.kicad_pcb
[board_modifier.py:82]: Setting MX54 footprint position: (158350000, 110725000)
[board_modifier.py:62]: Searching for MX55 footprint in /home/thousandeyed/Documents/Keyboard projects/vorona/source/vorona-pcb/vorona-pcb.kicad_pcb
[board_modifier.py:82]: Setting MX55 footprint position: (177400000, 110725000)
[board_modifier.py:62]: Searching for MX56 footprint in /home/thousandeyed/Documents/Keyboard projects/vorona/source/vorona-pcb/vorona-pcb.kicad_pcb
[board_modifier.py:82]: Setting MX56 footprint position: (196450000, 110725000)
[board_modifier.py:62]: Searching for MX57 footprint in /home/thousandeyed/Documents/Keyboard projects/vorona/source/vorona-pcb/vorona-pcb.kicad_pcb
[board_modifier.py:82]: Setting MX57 footprint position: (215500000, 110725000)
[board_modifier.py:62]: Searching for MX58 footprint in /home/thousandeyed/Documents/Keyboard projects/vorona/source/vorona-pcb/vorona-pcb.kicad_pcb
[board_modifier.py:82]: Setting MX58 footprint position: (239312500, 110725000)
[board_modifier.py:62]: Searching for MX59 footprint in /home/thousandeyed/Documents/Keyboard projects/vorona/source/vorona-pcb/vorona-pcb.kicad_pcb
[board_modifier.py:82]: Setting MX59 footprint position: (41668750, 129775000)
[board_modifier.py:62]: Searching for MX60 footprint in /home/thousandeyed/Documents/Keyboard projects/vorona/source/vorona-pcb/vorona-pcb.kicad_pcb
[board_modifier.py:82]: Setting MX60 footprint position: (63100000, 129775000)
[board_modifier.py:62]: Searching for MX61 footprint in /home/thousandeyed/Documents/Keyboard projects/vorona/source/vorona-pcb/vorona-pcb.kicad_pcb
[board_modifier.py:82]: Setting MX61 footprint position: (82150000, 129775000)
[board_modifier.py:62]: Searching for MX62 footprint in /home/thousandeyed/Documents/Keyboard projects/vorona/source/vorona-pcb/vorona-pcb.kicad_pcb
[board_modifier.py:82]: Setting MX62 footprint position: (101200000, 129775000)
[board_modifier.py:62]: Searching for MX63 footprint in /home/thousandeyed/Documents/Keyboard projects/vorona/source/vorona-pcb/vorona-pcb.kicad_pcb
[board_modifier.py:82]: Setting MX63 footprint position: (120250000, 129775000)
[board_modifier.py:62]: Searching for MX64 footprint in /home/thousandeyed/Documents/Keyboard projects/vorona/source/vorona-pcb/vorona-pcb.kicad_pcb
[board_modifier.py:82]: Setting MX64 footprint position: (139300000, 129775000)
[board_modifier.py:62]: Searching for MX65 footprint in /home/thousandeyed/Documents/Keyboard projects/vorona/source/vorona-pcb/vorona-pcb.kicad_pcb
[board_modifier.py:82]: Setting MX65 footprint position: (158350000, 129775000)
[board_modifier.py:62]: Searching for MX66 footprint in /home/thousandeyed/Documents/Keyboard projects/vorona/source/vorona-pcb/vorona-pcb.kicad_pcb
[board_modifier.py:82]: Setting MX66 footprint position: (177400000, 129775000)
[board_modifier.py:62]: Searching for MX67 footprint in /home/thousandeyed/Documents/Keyboard projects/vorona/source/vorona-pcb/vorona-pcb.kicad_pcb
[board_modifier.py:82]: Setting MX67 footprint position: (196450000, 129775000)
[board_modifier.py:62]: Searching for MX68 footprint in /home/thousandeyed/Documents/Keyboard projects/vorona/source/vorona-pcb/vorona-pcb.kicad_pcb
[board_modifier.py:82]: Setting MX68 footprint position: (215500000, 129775000)
[board_modifier.py:62]: Searching for MX69 footprint in /home/thousandeyed/Documents/Keyboard projects/vorona/source/vorona-pcb/vorona-pcb.kicad_pcb
[board_modifier.py:82]: Setting MX69 footprint position: (241693750, 139300000)
[board_modifier.py:62]: Searching for MX70 footprint in /home/thousandeyed/Documents/Keyboard projects/vorona/source/vorona-pcb/vorona-pcb.kicad_pcb
[board_modifier.py:82]: Setting MX70 footprint position: (36906250, 148825000)
[board_modifier.py:62]: Searching for MX71 footprint in /home/thousandeyed/Documents/Keyboard projects/vorona/source/vorona-pcb/vorona-pcb.kicad_pcb
[board_modifier.py:82]: Setting MX71 footprint position: (58337500, 148825000)
[board_modifier.py:62]: Searching for MX72 footprint in /home/thousandeyed/Documents/Keyboard projects/vorona/source/vorona-pcb/vorona-pcb.kicad_pcb
[board_modifier.py:82]: Setting MX72 footprint position: (220262500, 148825000)
[board_modifier.py:62]: Searching for MX73 footprint in /home/thousandeyed/Documents/Keyboard projects/vorona/source/vorona-pcb/vorona-pcb.kicad_pcb
[board_modifier.py:82]: Setting MX73 footprint position: (241693750, 148825000)
[board_modifier.py:62]: Searching for MX74 footprint in /home/thousandeyed/Documents/Keyboard projects/vorona/source/vorona-pcb/vorona-pcb.kicad_pcb
[board_modifier.py:82]: Setting MX74 footprint position: (82150000, 153587500)
[board_modifier.py:62]: Searching for MX75 footprint in /home/thousandeyed/Documents/Keyboard projects/vorona/source/vorona-pcb/vorona-pcb.kicad_pcb
[board_modifier.py:82]: Setting MX75 footprint position: (117868750, 153587500)
[board_modifier.py:62]: Searching for MX76 footprint in /home/thousandeyed/Documents/Keyboard projects/vorona/source/vorona-pcb/vorona-pcb.kicad_pcb
[board_modifier.py:82]: Setting MX76 footprint position: (165493750, 153587500)
[board_modifier.py:62]: Searching for MX77 footprint in /home/thousandeyed/Documents/Keyboard projects/vorona/source/vorona-pcb/vorona-pcb.kicad_pcb
[board_modifier.py:82]: Setting MX77 footprint position: (196450000, 153587500)
[board_modifier.py:62]: Searching for MX78 footprint in /home/thousandeyed/Documents/Keyboard projects/vorona/source/vorona-pcb/vorona-pcb.kicad_pcb
[board_modifier.py:82]: Setting MX78 footprint position: (36906250, 167875000)
[board_modifier.py:62]: Searching for MX79 footprint in /home/thousandeyed/Documents/Keyboard projects/vorona/source/vorona-pcb/vorona-pcb.kicad_pcb
[board_modifier.py:82]: Setting MX79 footprint position: (241693750, 167875000)
[board_modifier.py:62]: Searching for MX80 footprint in /home/thousandeyed/Documents/Keyboard projects/vorona/source/vorona-pcb/vorona-pcb.kicad_pcb
[board_modifier.py:82]: Setting MX80 footprint position: (63100000, 172637500)
[board_modifier.py:62]: Searching for MX81 footprint in /home/thousandeyed/Documents/Keyboard projects/vorona/source/vorona-pcb/vorona-pcb.kicad_pcb
[board_modifier.py:82]: Setting MX81 footprint position: (139300000, 172637500)
[board_modifier.py:62]: Searching for MX82 footprint in /home/thousandeyed/Documents/Keyboard projects/vorona/source/vorona-pcb/vorona-pcb.kicad_pcb
[board_modifier.py:82]: Setting MX82 footprint position: (215500000, 172637500)
[board_modifier.py:95]: Getting MX1 footprint position: (34525000, 34525000)
[board_modifier.py:62]: Searching for D1 footprint in /home/thousandeyed/Documents/Keyboard projects/vorona/source/vorona-pcb/vorona-pcb.kicad_pcb
[board_modifier.py:82]: Setting D1 footprint position: (39605000, 37555000)
[board_modifier.py:62]: Searching for S1 footprint in /home/thousandeyed/Documents/Keyboard projects/vorona/source/vorona-pcb/vorona-pcb.kicad_pcb
[board_modifier.py:65]: Footprint not found
[board_modifier.py:95]: Getting MX2 footprint position: (53575000, 34525000)
[board_modifier.py:62]: Searching for D2 footprint in /home/thousandeyed/Documents/Keyboard projects/vorona/source/vorona-pcb/vorona-pcb.kicad_pcb
[board_modifier.py:82]: Setting D2 footprint position: (58655000, 37555000)
[board_modifier.py:62]: Searching for S2 footprint in /home/thousandeyed/Documents/Keyboard projects/vorona/source/vorona-pcb/vorona-pcb.kicad_pcb
[board_modifier.py:65]: Footprint not found
[board_modifier.py:95]: Getting MX3 footprint position: (72625000, 34525000)
[board_modifier.py:62]: Searching for D3 footprint in /home/thousandeyed/Documents/Keyboard projects/vorona/source/vorona-pcb/vorona-pcb.kicad_pcb
[board_modifier.py:82]: Setting D3 footprint position: (77705000, 37555000)
[board_modifier.py:62]: Searching for S3 footprint in /home/thousandeyed/Documents/Keyboard projects/vorona/source/vorona-pcb/vorona-pcb.kicad_pcb
[board_modifier.py:65]: Footprint not found
[board_modifier.py:95]: Getting MX4 footprint position: (91675000, 34525000)
[board_modifier.py:62]: Searching for D4 footprint in /home/thousandeyed/Documents/Keyboard projects/vorona/source/vorona-pcb/vorona-pcb.kicad_pcb
[board_modifier.py:82]: Setting D4 footprint position: (96755000, 37555000)
[board_modifier.py:62]: Searching for S4 footprint in /home/thousandeyed/Documents/Keyboard projects/vorona/source/vorona-pcb/vorona-pcb.kicad_pcb
[board_modifier.py:65]: Footprint not found
[board_modifier.py:95]: Getting MX5 footprint position: (110725000, 34525000)
[board_modifier.py:62]: Searching for D5 footprint in /home/thousandeyed/Documents/Keyboard projects/vorona/source/vorona-pcb/vorona-pcb.kicad_pcb
[board_modifier.py:82]: Setting D5 footprint position: (115805000, 37555000)
[board_modifier.py:62]: Searching for S5 footprint in /home/thousandeyed/Documents/Keyboard projects/vorona/source/vorona-pcb/vorona-pcb.kicad_pcb
[board_modifier.py:65]: Footprint not found
[board_modifier.py:95]: Getting MX6 footprint position: (129775000, 34525000)
[board_modifier.py:62]: Searching for D6 footprint in /home/thousandeyed/Documents/Keyboard projects/vorona/source/vorona-pcb/vorona-pcb.kicad_pcb
[board_modifier.py:82]: Setting D6 footprint position: (134855000, 37555000)
[board_modifier.py:62]: Searching for S6 footprint in /home/thousandeyed/Documents/Keyboard projects/vorona/source/vorona-pcb/vorona-pcb.kicad_pcb
[board_modifier.py:65]: Footprint not found
[board_modifier.py:95]: Getting MX7 footprint position: (148825000, 34525000)
[board_modifier.py:62]: Searching for D7 footprint in /home/thousandeyed/Documents/Keyboard projects/vorona/source/vorona-pcb/vorona-pcb.kicad_pcb
[board_modifier.py:82]: Setting D7 footprint position: (153905000, 37555000)
[board_modifier.py:62]: Searching for S7 footprint in /home/thousandeyed/Documents/Keyboard projects/vorona/source/vorona-pcb/vorona-pcb.kicad_pcb
[board_modifier.py:65]: Footprint not found
[board_modifier.py:95]: Getting MX8 footprint position: (167875000, 34525000)
[board_modifier.py:62]: Searching for D8 footprint in /home/thousandeyed/Documents/Keyboard projects/vorona/source/vorona-pcb/vorona-pcb.kicad_pcb
[board_modifier.py:82]: Setting D8 footprint position: (172955000, 37555000)
[board_modifier.py:62]: Searching for S8 footprint in /home/thousandeyed/Documents/Keyboard projects/vorona/source/vorona-pcb/vorona-pcb.kicad_pcb
[board_modifier.py:65]: Footprint not found
[board_modifier.py:95]: Getting MX9 footprint position: (186925000, 34525000)
[board_modifier.py:62]: Searching for D9 footprint in /home/thousandeyed/Documents/Keyboard projects/vorona/source/vorona-pcb/vorona-pcb.kicad_pcb
[board_modifier.py:82]: Setting D9 footprint position: (192005000, 37555000)
[board_modifier.py:62]: Searching for S9 footprint in /home/thousandeyed/Documents/Keyboard projects/vorona/source/vorona-pcb/vorona-pcb.kicad_pcb
[board_modifier.py:65]: Footprint not found
[board_modifier.py:95]: Getting MX10 footprint position: (205975000, 34525000)
[board_modifier.py:62]: Searching for D10 footprint in /home/thousandeyed/Documents/Keyboard projects/vorona/source/vorona-pcb/vorona-pcb.kicad_pcb
[board_modifier.py:82]: Setting D10 footprint position: (211055000, 37555000)
[board_modifier.py:62]: Searching for S10 footprint in /home/thousandeyed/Documents/Keyboard projects/vorona/source/vorona-pcb/vorona-pcb.kicad_pcb
[board_modifier.py:65]: Footprint not found
[board_modifier.py:95]: Getting MX11 footprint position: (225025000, 34525000)
[board_modifier.py:62]: Searching for D11 footprint in /home/thousandeyed/Documents/Keyboard projects/vorona/source/vorona-pcb/vorona-pcb.kicad_pcb
[board_modifier.py:82]: Setting D11 footprint position: (230105000, 37555000)
[board_modifier.py:62]: Searching for S11 footprint in /home/thousandeyed/Documents/Keyboard projects/vorona/source/vorona-pcb/vorona-pcb.kicad_pcb
[board_modifier.py:65]: Footprint not found
[board_modifier.py:95]: Getting MX12 footprint position: (244075000, 34525000)
[board_modifier.py:62]: Searching for D12 footprint in /home/thousandeyed/Documents/Keyboard projects/vorona/source/vorona-pcb/vorona-pcb.kicad_pcb
[board_modifier.py:82]: Setting D12 footprint position: (249155000, 37555000)
[board_modifier.py:62]: Searching for S12 footprint in /home/thousandeyed/Documents/Keyboard projects/vorona/source/vorona-pcb/vorona-pcb.kicad_pcb
[board_modifier.py:65]: Footprint not found
[board_modifier.py:95]: Getting MX13 footprint position: (34525000, 53575000)
[board_modifier.py:62]: Searching for D13 footprint in /home/thousandeyed/Documents/Keyboard projects/vorona/source/vorona-pcb/vorona-pcb.kicad_pcb
[board_modifier.py:82]: Setting D13 footprint position: (39605000, 56605000)
[board_modifier.py:62]: Searching for S13 footprint in /home/thousandeyed/Documents/Keyboard projects/vorona/source/vorona-pcb/vorona-pcb.kicad_pcb
[board_modifier.py:65]: Footprint not found
[board_modifier.py:95]: Getting MX14 footprint position: (53575000, 53575000)
[board_modifier.py:62]: Searching for D14 footprint in /home/thousandeyed/Documents/Keyboard projects/vorona/source/vorona-pcb/vorona-pcb.kicad_pcb
[board_modifier.py:82]: Setting D14 footprint position: (58655000, 56605000)
[board_modifier.py:62]: Searching for S14 footprint in /home/thousandeyed/Documents/Keyboard projects/vorona/source/vorona-pcb/vorona-pcb.kicad_pcb
[board_modifier.py:65]: Footprint not found
[board_modifier.py:95]: Getting MX15 footprint position: (72625000, 53575000)
[board_modifier.py:62]: Searching for D15 footprint in /home/thousandeyed/Documents/Keyboard projects/vorona/source/vorona-pcb/vorona-pcb.kicad_pcb
[board_modifier.py:82]: Setting D15 footprint position: (77705000, 56605000)
[board_modifier.py:62]: Searching for S15 footprint in /home/thousandeyed/Documents/Keyboard projects/vorona/source/vorona-pcb/vorona-pcb.kicad_pcb
[board_modifier.py:65]: Footprint not found
[board_modifier.py:95]: Getting MX16 footprint position: (91675000, 53575000)
[board_modifier.py:62]: Searching for D16 footprint in /home/thousandeyed/Documents/Keyboard projects/vorona/source/vorona-pcb/vorona-pcb.kicad_pcb
[board_modifier.py:82]: Setting D16 footprint position: (96755000, 56605000)
[board_modifier.py:62]: Searching for S16 footprint in /home/thousandeyed/Documents/Keyboard projects/vorona/source/vorona-pcb/vorona-pcb.kicad_pcb
[board_modifier.py:65]: Footprint not found
[board_modifier.py:95]: Getting MX17 footprint position: (110725000, 53575000)
[board_modifier.py:62]: Searching for D17 footprint in /home/thousandeyed/Documents/Keyboard projects/vorona/source/vorona-pcb/vorona-pcb.kicad_pcb
[board_modifier.py:82]: Setting D17 footprint position: (115805000, 56605000)
[board_modifier.py:62]: Searching for S17 footprint in /home/thousandeyed/Documents/Keyboard projects/vorona/source/vorona-pcb/vorona-pcb.kicad_pcb
[board_modifier.py:65]: Footprint not found
[board_modifier.py:95]: Getting MX18 footprint position: (129775000, 53575000)
[board_modifier.py:62]: Searching for D18 footprint in /home/thousandeyed/Documents/Keyboard projects/vorona/source/vorona-pcb/vorona-pcb.kicad_pcb
[board_modifier.py:82]: Setting D18 footprint position: (134855000, 56605000)
[board_modifier.py:62]: Searching for S18 footprint in /home/thousandeyed/Documents/Keyboard projects/vorona/source/vorona-pcb/vorona-pcb.kicad_pcb
[board_modifier.py:65]: Footprint not found
[board_modifier.py:95]: Getting MX19 footprint position: (148825000, 53575000)
[board_modifier.py:62]: Searching for D19 footprint in /home/thousandeyed/Documents/Keyboard projects/vorona/source/vorona-pcb/vorona-pcb.kicad_pcb
[board_modifier.py:82]: Setting D19 footprint position: (153905000, 56605000)
[board_modifier.py:62]: Searching for S19 footprint in /home/thousandeyed/Documents/Keyboard projects/vorona/source/vorona-pcb/vorona-pcb.kicad_pcb
[board_modifier.py:65]: Footprint not found
[board_modifier.py:95]: Getting MX20 footprint position: (167875000, 53575000)
[board_modifier.py:62]: Searching for D20 footprint in /home/thousandeyed/Documents/Keyboard projects/vorona/source/vorona-pcb/vorona-pcb.kicad_pcb
[board_modifier.py:82]: Setting D20 footprint position: (172955000, 56605000)
[board_modifier.py:62]: Searching for S20 footprint in /home/thousandeyed/Documents/Keyboard projects/vorona/source/vorona-pcb/vorona-pcb.kicad_pcb
[board_modifier.py:65]: Footprint not found
[board_modifier.py:95]: Getting MX21 footprint position: (186925000, 53575000)
[board_modifier.py:62]: Searching for D21 footprint in /home/thousandeyed/Documents/Keyboard projects/vorona/source/vorona-pcb/vorona-pcb.kicad_pcb
[board_modifier.py:82]: Setting D21 footprint position: (192005000, 56605000)
[board_modifier.py:62]: Searching for S21 footprint in /home/thousandeyed/Documents/Keyboard projects/vorona/source/vorona-pcb/vorona-pcb.kicad_pcb
[board_modifier.py:65]: Footprint not found
[board_modifier.py:95]: Getting MX22 footprint position: (205975000, 53575000)
[board_modifier.py:62]: Searching for D22 footprint in /home/thousandeyed/Documents/Keyboard projects/vorona/source/vorona-pcb/vorona-pcb.kicad_pcb
[board_modifier.py:82]: Setting D22 footprint position: (211055000, 56605000)
[board_modifier.py:62]: Searching for S22 footprint in /home/thousandeyed/Documents/Keyboard projects/vorona/source/vorona-pcb/vorona-pcb.kicad_pcb
[board_modifier.py:65]: Footprint not found
[board_modifier.py:95]: Getting MX23 footprint position: (225025000, 53575000)
[board_modifier.py:62]: Searching for D23 footprint in /home/thousandeyed/Documents/Keyboard projects/vorona/source/vorona-pcb/vorona-pcb.kicad_pcb
[board_modifier.py:82]: Setting D23 footprint position: (230105000, 56605000)
[board_modifier.py:62]: Searching for S23 footprint in /home/thousandeyed/Documents/Keyboard projects/vorona/source/vorona-pcb/vorona-pcb.kicad_pcb
[board_modifier.py:65]: Footprint not found
[board_modifier.py:95]: Getting MX24 footprint position: (244075000, 53575000)
[board_modifier.py:62]: Searching for D24 footprint in /home/thousandeyed/Documents/Keyboard projects/vorona/source/vorona-pcb/vorona-pcb.kicad_pcb
[board_modifier.py:82]: Setting D24 footprint position: (249155000, 56605000)
[board_modifier.py:62]: Searching for S24 footprint in /home/thousandeyed/Documents/Keyboard projects/vorona/source/vorona-pcb/vorona-pcb.kicad_pcb
[board_modifier.py:65]: Footprint not found
[board_modifier.py:95]: Getting MX25 footprint position: (36906250, 72625000)
[board_modifier.py:62]: Searching for D25 footprint in /home/thousandeyed/Documents/Keyboard projects/vorona/source/vorona-pcb/vorona-pcb.kicad_pcb
[board_modifier.py:82]: Setting D25 footprint position: (41986250, 75655000)
[board_modifier.py:62]: Searching for S25 footprint in /home/thousandeyed/Documents/Keyboard projects/vorona/source/vorona-pcb/vorona-pcb.kicad_pcb
[board_modifier.py:65]: Footprint not found
[board_modifier.py:95]: Getting MX26 footprint position: (58337500, 72625000)
[board_modifier.py:62]: Searching for D26 footprint in /home/thousandeyed/Documents/Keyboard projects/vorona/source/vorona-pcb/vorona-pcb.kicad_pcb
[board_modifier.py:82]: Setting D26 footprint position: (63417500, 75655000)
[board_modifier.py:62]: Searching for S26 footprint in /home/thousandeyed/Documents/Keyboard projects/vorona/source/vorona-pcb/vorona-pcb.kicad_pcb
[board_modifier.py:65]: Footprint not found
[board_modifier.py:95]: Getting MX27 footprint position: (77387500, 72625000)
[board_modifier.py:62]: Searching for D27 footprint in /home/thousandeyed/Documents/Keyboard projects/vorona/source/vorona-pcb/vorona-pcb.kicad_pcb
[board_modifier.py:82]: Setting D27 footprint position: (82467500, 75655000)
[board_modifier.py:62]: Searching for S27 footprint in /home/thousandeyed/Documents/Keyboard projects/vorona/source/vorona-pcb/vorona-pcb.kicad_pcb
[board_modifier.py:65]: Footprint not found
[board_modifier.py:95]: Getting MX28 footprint position: (96437500, 72625000)
[board_modifier.py:62]: Searching for D28 footprint in /home/thousandeyed/Documents/Keyboard projects/vorona/source/vorona-pcb/vorona-pcb.kicad_pcb
[board_modifier.py:82]: Setting D28 footprint position: (101517500, 75655000)
[board_modifier.py:62]: Searching for S28 footprint in /home/thousandeyed/Documents/Keyboard projects/vorona/source/vorona-pcb/vorona-pcb.kicad_pcb
[board_modifier.py:65]: Footprint not found
[board_modifier.py:95]: Getting MX29 footprint position: (115487500, 72625000)
[board_modifier.py:62]: Searching for D29 footprint in /home/thousandeyed/Documents/Keyboard projects/vorona/source/vorona-pcb/vorona-pcb.kicad_pcb
[board_modifier.py:82]: Setting D29 footprint position: (120567500, 75655000)
[board_modifier.py:62]: Searching for S29 footprint in /home/thousandeyed/Documents/Keyboard projects/vorona/source/vorona-pcb/vorona-pcb.kicad_pcb
[board_modifier.py:65]: Footprint not found
[board_modifier.py:95]: Getting MX30 footprint position: (134537500, 72625000)
[board_modifier.py:62]: Searching for D30 footprint in /home/thousandeyed/Documents/Keyboard projects/vorona/source/vorona-pcb/vorona-pcb.kicad_pcb
[board_modifier.py:82]: Setting D30 footprint position: (139617500, 75655000)
[board_modifier.py:62]: Searching for S30 footprint in /home/thousandeyed/Documents/Keyboard projects/vorona/source/vorona-pcb/vorona-pcb.kicad_pcb
[board_modifier.py:65]: Footprint not found
[board_modifier.py:95]: Getting MX31 footprint position: (153587500, 72625000)
[board_modifier.py:62]: Searching for D31 footprint in /home/thousandeyed/Documents/Keyboard projects/vorona/source/vorona-pcb/vorona-pcb.kicad_pcb
[board_modifier.py:82]: Setting D31 footprint position: (158667500, 75655000)
[board_modifier.py:62]: Searching for S31 footprint in /home/thousandeyed/Documents/Keyboard projects/vorona/source/vorona-pcb/vorona-pcb.kicad_pcb
[board_modifier.py:65]: Footprint not found
[board_modifier.py:95]: Getting MX32 footprint position: (172637500, 72625000)
[board_modifier.py:62]: Searching for D32 footprint in /home/thousandeyed/Documents/Keyboard projects/vorona/source/vorona-pcb/vorona-pcb.kicad_pcb
[board_modifier.py:82]: Setting D32 footprint position: (177717500, 75655000)
[board_modifier.py:62]: Searching for S32 footprint in /home/thousandeyed/Documents/Keyboard projects/vorona/source/vorona-pcb/vorona-pcb.kicad_pcb
[board_modifier.py:65]: Footprint not found
[board_modifier.py:95]: Getting MX33 footprint position: (191687500, 72625000)
[board_modifier.py:62]: Searching for D33 footprint in /home/thousandeyed/Documents/Keyboard projects/vorona/source/vorona-pcb/vorona-pcb.kicad_pcb
[board_modifier.py:82]: Setting D33 footprint position: (196767500, 75655000)
[board_modifier.py:62]: Searching for S33 footprint in /home/thousandeyed/Documents/Keyboard projects/vorona/source/vorona-pcb/vorona-pcb.kicad_pcb
[board_modifier.py:65]: Footprint not found
[board_modifier.py:95]: Getting MX34 footprint position: (210737500, 72625000)
[board_modifier.py:62]: Searching for D34 footprint in /home/thousandeyed/Documents/Keyboard projects/vorona/source/vorona-pcb/vorona-pcb.kicad_pcb
[board_modifier.py:82]: Setting D34 footprint position: (215817500, 75655000)
[board_modifier.py:62]: Searching for S34 footprint in /home/thousandeyed/Documents/Keyboard projects/vorona/source/vorona-pcb/vorona-pcb.kicad_pcb
[board_modifier.py:65]: Footprint not found
[board_modifier.py:95]: Getting MX35 footprint position: (236931250, 72625000)
[board_modifier.py:62]: Searching for D35 footprint in /home/thousandeyed/Documents/Keyboard projects/vorona/source/vorona-pcb/vorona-pcb.kicad_pcb
[board_modifier.py:82]: Setting D35 footprint position: (242011250, 75655000)
[board_modifier.py:62]: Searching for S35 footprint in /home/thousandeyed/Documents/Keyboard projects/vorona/source/vorona-pcb/vorona-pcb.kicad_pcb
[board_modifier.py:65]: Footprint not found
[board_modifier.py:95]: Getting MX36 footprint position: (34525000, 91675000)
[board_modifier.py:62]: Searching for D36 footprint in /home/thousandeyed/Documents/Keyboard projects/vorona/source/vorona-pcb/vorona-pcb.kicad_pcb
[board_modifier.py:82]: Setting D36 footprint position: (39605000, 94705000)
[board_modifier.py:62]: Searching for S36 footprint in /home/thousandeyed/Documents/Keyboard projects/vorona/source/vorona-pcb/vorona-pcb.kicad_pcb
[board_modifier.py:65]: Footprint not found
[board_modifier.py:95]: Getting MX37 footprint position: (53575000, 91675000)
[board_modifier.py:62]: Searching for D37 footprint in /home/thousandeyed/Documents/Keyboard projects/vorona/source/vorona-pcb/vorona-pcb.kicad_pcb
[board_modifier.py:82]: Setting D37 footprint position: (58655000, 94705000)
[board_modifier.py:62]: Searching for S37 footprint in /home/thousandeyed/Documents/Keyboard projects/vorona/source/vorona-pcb/vorona-pcb.kicad_pcb
[board_modifier.py:65]: Footprint not found
[board_modifier.py:95]: Getting MX38 footprint position: (72625000, 91675000)
[board_modifier.py:62]: Searching for D38 footprint in /home/thousandeyed/Documents/Keyboard projects/vorona/source/vorona-pcb/vorona-pcb.kicad_pcb
[board_modifier.py:82]: Setting D38 footprint position: (77705000, 94705000)
[board_modifier.py:62]: Searching for S38 footprint in /home/thousandeyed/Documents/Keyboard projects/vorona/source/vorona-pcb/vorona-pcb.kicad_pcb
[board_modifier.py:65]: Footprint not found
[board_modifier.py:95]: Getting MX39 footprint position: (91675000, 91675000)
[board_modifier.py:62]: Searching for D39 footprint in /home/thousandeyed/Documents/Keyboard projects/vorona/source/vorona-pcb/vorona-pcb.kicad_pcb
[board_modifier.py:82]: Setting D39 footprint position: (96755000, 94705000)
[board_modifier.py:62]: Searching for S39 footprint in /home/thousandeyed/Documents/Keyboard projects/vorona/source/vorona-pcb/vorona-pcb.kicad_pcb
[board_modifier.py:65]: Footprint not found
[board_modifier.py:95]: Getting MX40 footprint position: (110725000, 91675000)
[board_modifier.py:62]: Searching for D40 footprint in /home/thousandeyed/Documents/Keyboard projects/vorona/source/vorona-pcb/vorona-pcb.kicad_pcb
[board_modifier.py:82]: Setting D40 footprint position: (115805000, 94705000)
[board_modifier.py:62]: Searching for S40 footprint in /home/thousandeyed/Documents/Keyboard projects/vorona/source/vorona-pcb/vorona-pcb.kicad_pcb
[board_modifier.py:65]: Footprint not found
[board_modifier.py:95]: Getting MX41 footprint position: (129775000, 91675000)
[board_modifier.py:62]: Searching for D41 footprint in /home/thousandeyed/Documents/Keyboard projects/vorona/source/vorona-pcb/vorona-pcb.kicad_pcb
[board_modifier.py:82]: Setting D41 footprint position: (134855000, 94705000)
[board_modifier.py:62]: Searching for S41 footprint in /home/thousandeyed/Documents/Keyboard projects/vorona/source/vorona-pcb/vorona-pcb.kicad_pcb
[board_modifier.py:65]: Footprint not found
[board_modifier.py:95]: Getting MX42 footprint position: (148825000, 91675000)
[board_modifier.py:62]: Searching for D42 footprint in /home/thousandeyed/Documents/Keyboard projects/vorona/source/vorona-pcb/vorona-pcb.kicad_pcb
[board_modifier.py:82]: Setting D42 footprint position: (153905000, 94705000)
[board_modifier.py:62]: Searching for S42 footprint in /home/thousandeyed/Documents/Keyboard projects/vorona/source/vorona-pcb/vorona-pcb.kicad_pcb
[board_modifier.py:65]: Footprint not found
[board_modifier.py:95]: Getting MX43 footprint position: (167875000, 91675000)
[board_modifier.py:62]: Searching for D43 footprint in /home/thousandeyed/Documents/Keyboard projects/vorona/source/vorona-pcb/vorona-pcb.kicad_pcb
[board_modifier.py:82]: Setting D43 footprint position: (172955000, 94705000)
[board_modifier.py:62]: Searching for S43 footprint in /home/thousandeyed/Documents/Keyboard projects/vorona/source/vorona-pcb/vorona-pcb.kicad_pcb
[board_modifier.py:65]: Footprint not found
[board_modifier.py:95]: Getting MX44 footprint position: (186925000, 91675000)
[board_modifier.py:62]: Searching for D44 footprint in /home/thousandeyed/Documents/Keyboard projects/vorona/source/vorona-pcb/vorona-pcb.kicad_pcb
[board_modifier.py:82]: Setting D44 footprint position: (192005000, 94705000)
[board_modifier.py:62]: Searching for S44 footprint in /home/thousandeyed/Documents/Keyboard projects/vorona/source/vorona-pcb/vorona-pcb.kicad_pcb
[board_modifier.py:65]: Footprint not found
[board_modifier.py:95]: Getting MX45 footprint position: (205975000, 91675000)
[board_modifier.py:62]: Searching for D45 footprint in /home/thousandeyed/Documents/Keyboard projects/vorona/source/vorona-pcb/vorona-pcb.kicad_pcb
[board_modifier.py:82]: Setting D45 footprint position: (211055000, 94705000)
[board_modifier.py:62]: Searching for S45 footprint in /home/thousandeyed/Documents/Keyboard projects/vorona/source/vorona-pcb/vorona-pcb.kicad_pcb
[board_modifier.py:65]: Footprint not found
[board_modifier.py:95]: Getting MX46 footprint position: (225025000, 91675000)
[board_modifier.py:62]: Searching for D46 footprint in /home/thousandeyed/Documents/Keyboard projects/vorona/source/vorona-pcb/vorona-pcb.kicad_pcb
[board_modifier.py:82]: Setting D46 footprint position: (230105000, 94705000)
[board_modifier.py:62]: Searching for S46 footprint in /home/thousandeyed/Documents/Keyboard projects/vorona/source/vorona-pcb/vorona-pcb.kicad_pcb
[board_modifier.py:65]: Footprint not found
[board_modifier.py:95]: Getting MX47 footprint position: (244075000, 91675000)
[board_modifier.py:62]: Searching for D47 footprint in /home/thousandeyed/Documents/Keyboard projects/vorona/source/vorona-pcb/vorona-pcb.kicad_pcb
[board_modifier.py:82]: Setting D47 footprint position: (249155000, 94705000)
[board_modifier.py:62]: Searching for S47 footprint in /home/thousandeyed/Documents/Keyboard projects/vorona/source/vorona-pcb/vorona-pcb.kicad_pcb
[board_modifier.py:65]: Footprint not found
[board_modifier.py:95]: Getting MX48 footprint position: (41668750, 110725000)
[board_modifier.py:62]: Searching for D48 footprint in /home/thousandeyed/Documents/Keyboard projects/vorona/source/vorona-pcb/vorona-pcb.kicad_pcb
[board_modifier.py:82]: Setting D48 footprint position: (46748750, 113755000)
[board_modifier.py:62]: Searching for S48 footprint in /home/thousandeyed/Documents/Keyboard projects/vorona/source/vorona-pcb/vorona-pcb.kicad_pcb
[board_modifier.py:65]: Footprint not found
[board_modifier.py:95]: Getting MX49 footprint position: (63100000, 110725000)
[board_modifier.py:62]: Searching for D49 footprint in /home/thousandeyed/Documents/Keyboard projects/vorona/source/vorona-pcb/vorona-pcb.kicad_pcb
[board_modifier.py:82]: Setting D49 footprint position: (68180000, 113755000)
[board_modifier.py:62]: Searching for S49 footprint in /home/thousandeyed/Documents/Keyboard projects/vorona/source/vorona-pcb/vorona-pcb.kicad_pcb
[board_modifier.py:65]: Footprint not found
[board_modifier.py:95]: Getting MX50 footprint position: (82150000, 110725000)
[board_modifier.py:62]: Searching for D50 footprint in /home/thousandeyed/Documents/Keyboard projects/vorona/source/vorona-pcb/vorona-pcb.kicad_pcb
[board_modifier.py:82]: Setting D50 footprint position: (87230000, 113755000)
[board_modifier.py:62]: Searching for S50 footprint in /home/thousandeyed/Documents/Keyboard projects/vorona/source/vorona-pcb/vorona-pcb.kicad_pcb
[board_modifier.py:65]: Footprint not found
[board_modifier.py:95]: Getting MX51 footprint position: (101200000, 110725000)
[board_modifier.py:62]: Searching for D51 footprint in /home/thousandeyed/Documents/Keyboard projects/vorona/source/vorona-pcb/vorona-pcb.kicad_pcb
[board_modifier.py:82]: Setting D51 footprint position: (106280000, 113755000)
[board_modifier.py:62]: Searching for S51 footprint in /home/thousandeyed/Documents/Keyboard projects/vorona/source/vorona-pcb/vorona-pcb.kicad_pcb
[board_modifier.py:65]: Footprint not found
[board_modifier.py:95]: Getting MX52 footprint position: (120250000, 110725000)
[board_modifier.py:62]: Searching for D52 footprint in /home/thousandeyed/Documents/Keyboard projects/vorona/source/vorona-pcb/vorona-pcb.kicad_pcb
[board_modifier.py:82]: Setting D52 footprint position: (125330000, 113755000)
[board_modifier.py:62]: Searching for S52 footprint in /home/thousandeyed/Documents/Keyboard projects/vorona/source/vorona-pcb/vorona-pcb.kicad_pcb
[board_modifier.py:65]: Footprint not found
[board_modifier.py:95]: Getting MX53 footprint position: (139300000, 110725000)
[board_modifier.py:62]: Searching for D53 footprint in /home/thousandeyed/Documents/Keyboard projects/vorona/source/vorona-pcb/vorona-pcb.kicad_pcb
[board_modifier.py:82]: Setting D53 footprint position: (144380000, 113755000)
[board_modifier.py:62]: Searching for S53 footprint in /home/thousandeyed/Documents/Keyboard projects/vorona/source/vorona-pcb/vorona-pcb.kicad_pcb
[board_modifier.py:65]: Footprint not found
[board_modifier.py:95]: Getting MX54 footprint position: (158350000, 110725000)
[board_modifier.py:62]: Searching for D54 footprint in /home/thousandeyed/Documents/Keyboard projects/vorona/source/vorona-pcb/vorona-pcb.kicad_pcb
[board_modifier.py:82]: Setting D54 footprint position: (163430000, 113755000)
[board_modifier.py:62]: Searching for S54 footprint in /home/thousandeyed/Documents/Keyboard projects/vorona/source/vorona-pcb/vorona-pcb.kicad_pcb
[board_modifier.py:65]: Footprint not found
[board_modifier.py:95]: Getting MX55 footprint position: (177400000, 110725000)
[board_modifier.py:62]: Searching for D55 footprint in /home/thousandeyed/Documents/Keyboard projects/vorona/source/vorona-pcb/vorona-pcb.kicad_pcb
[board_modifier.py:82]: Setting D55 footprint position: (182480000, 113755000)
[board_modifier.py:62]: Searching for S55 footprint in /home/thousandeyed/Documents/Keyboard projects/vorona/source/vorona-pcb/vorona-pcb.kicad_pcb
[board_modifier.py:65]: Footprint not found
[board_modifier.py:95]: Getting MX56 footprint position: (196450000, 110725000)
[board_modifier.py:62]: Searching for D56 footprint in /home/thousandeyed/Documents/Keyboard projects/vorona/source/vorona-pcb/vorona-pcb.kicad_pcb
[board_modifier.py:82]: Setting D56 footprint position: (201530000, 113755000)
[board_modifier.py:62]: Searching for S56 footprint in /home/thousandeyed/Documents/Keyboard projects/vorona/source/vorona-pcb/vorona-pcb.kicad_pcb
[board_modifier.py:65]: Footprint not found
[board_modifier.py:95]: Getting MX57 footprint position: (215500000, 110725000)
[board_modifier.py:62]: Searching for D57 footprint in /home/thousandeyed/Documents/Keyboard projects/vorona/source/vorona-pcb/vorona-pcb.kicad_pcb
[board_modifier.py:82]: Setting D57 footprint position: (220580000, 113755000)
[board_modifier.py:62]: Searching for S57 footprint in /home/thousandeyed/Documents/Keyboard projects/vorona/source/vorona-pcb/vorona-pcb.kicad_pcb
[board_modifier.py:65]: Footprint not found
[board_modifier.py:95]: Getting MX58 footprint position: (239312500, 110725000)
[board_modifier.py:62]: Searching for D58 footprint in /home/thousandeyed/Documents/Keyboard projects/vorona/source/vorona-pcb/vorona-pcb.kicad_pcb
[board_modifier.py:82]: Setting D58 footprint position: (244392500, 113755000)
[board_modifier.py:62]: Searching for S58 footprint in /home/thousandeyed/Documents/Keyboard projects/vorona/source/vorona-pcb/vorona-pcb.kicad_pcb
[board_modifier.py:65]: Footprint not found
[board_modifier.py:95]: Getting MX59 footprint position: (41668750, 129775000)
[board_modifier.py:62]: Searching for D59 footprint in /home/thousandeyed/Documents/Keyboard projects/vorona/source/vorona-pcb/vorona-pcb.kicad_pcb
[board_modifier.py:82]: Setting D59 footprint position: (46748750, 132805000)
[board_modifier.py:62]: Searching for S59 footprint in /home/thousandeyed/Documents/Keyboard projects/vorona/source/vorona-pcb/vorona-pcb.kicad_pcb
[board_modifier.py:65]: Footprint not found
[board_modifier.py:95]: Getting MX60 footprint position: (63100000, 129775000)
[board_modifier.py:62]: Searching for D60 footprint in /home/thousandeyed/Documents/Keyboard projects/vorona/source/vorona-pcb/vorona-pcb.kicad_pcb
[board_modifier.py:82]: Setting D60 footprint position: (68180000, 132805000)
[board_modifier.py:62]: Searching for S60 footprint in /home/thousandeyed/Documents/Keyboard projects/vorona/source/vorona-pcb/vorona-pcb.kicad_pcb
[board_modifier.py:65]: Footprint not found
[board_modifier.py:95]: Getting MX61 footprint position: (82150000, 129775000)
[board_modifier.py:62]: Searching for D61 footprint in /home/thousandeyed/Documents/Keyboard projects/vorona/source/vorona-pcb/vorona-pcb.kicad_pcb
[board_modifier.py:82]: Setting D61 footprint position: (87230000, 132805000)
[board_modifier.py:62]: Searching for S61 footprint in /home/thousandeyed/Documents/Keyboard projects/vorona/source/vorona-pcb/vorona-pcb.kicad_pcb
[board_modifier.py:65]: Footprint not found
[board_modifier.py:95]: Getting MX62 footprint position: (101200000, 129775000)
[board_modifier.py:62]: Searching for D62 footprint in /home/thousandeyed/Documents/Keyboard projects/vorona/source/vorona-pcb/vorona-pcb.kicad_pcb
[board_modifier.py:82]: Setting D62 footprint position: (106280000, 132805000)
[board_modifier.py:62]: Searching for S62 footprint in /home/thousandeyed/Documents/Keyboard projects/vorona/source/vorona-pcb/vorona-pcb.kicad_pcb
[board_modifier.py:65]: Footprint not found
[board_modifier.py:95]: Getting MX63 footprint position: (120250000, 129775000)
[board_modifier.py:62]: Searching for D63 footprint in /home/thousandeyed/Documents/Keyboard projects/vorona/source/vorona-pcb/vorona-pcb.kicad_pcb
[board_modifier.py:82]: Setting D63 footprint position: (125330000, 132805000)
[board_modifier.py:62]: Searching for S63 footprint in /home/thousandeyed/Documents/Keyboard projects/vorona/source/vorona-pcb/vorona-pcb.kicad_pcb
[board_modifier.py:65]: Footprint not found
[board_modifier.py:95]: Getting MX64 footprint position: (139300000, 129775000)
[board_modifier.py:62]: Searching for D64 footprint in /home/thousandeyed/Documents/Keyboard projects/vorona/source/vorona-pcb/vorona-pcb.kicad_pcb
[board_modifier.py:82]: Setting D64 footprint position: (144380000, 132805000)
[board_modifier.py:62]: Searching for S64 footprint in /home/thousandeyed/Documents/Keyboard projects/vorona/source/vorona-pcb/vorona-pcb.kicad_pcb
[board_modifier.py:65]: Footprint not found
[board_modifier.py:95]: Getting MX65 footprint position: (158350000, 129775000)
[board_modifier.py:62]: Searching for D65 footprint in /home/thousandeyed/Documents/Keyboard projects/vorona/source/vorona-pcb/vorona-pcb.kicad_pcb
[board_modifier.py:82]: Setting D65 footprint position: (163430000, 132805000)
[board_modifier.py:62]: Searching for S65 footprint in /home/thousandeyed/Documents/Keyboard projects/vorona/source/vorona-pcb/vorona-pcb.kicad_pcb
[board_modifier.py:65]: Footprint not found
[board_modifier.py:95]: Getting MX66 footprint position: (177400000, 129775000)
[board_modifier.py:62]: Searching for D66 footprint in /home/thousandeyed/Documents/Keyboard projects/vorona/source/vorona-pcb/vorona-pcb.kicad_pcb
[board_modifier.py:82]: Setting D66 footprint position: (182480000, 132805000)
[board_modifier.py:62]: Searching for S66 footprint in /home/thousandeyed/Documents/Keyboard projects/vorona/source/vorona-pcb/vorona-pcb.kicad_pcb
[board_modifier.py:65]: Footprint not found
[board_modifier.py:95]: Getting MX67 footprint position: (196450000, 129775000)
[board_modifier.py:62]: Searching for D67 footprint in /home/thousandeyed/Documents/Keyboard projects/vorona/source/vorona-pcb/vorona-pcb.kicad_pcb
[board_modifier.py:82]: Setting D67 footprint position: (201530000, 132805000)
[board_modifier.py:62]: Searching for S67 footprint in /home/thousandeyed/Documents/Keyboard projects/vorona/source/vorona-pcb/vorona-pcb.kicad_pcb
[board_modifier.py:65]: Footprint not found
[board_modifier.py:95]: Getting MX68 footprint position: (215500000, 129775000)
[board_modifier.py:62]: Searching for D68 footprint in /home/thousandeyed/Documents/Keyboard projects/vorona/source/vorona-pcb/vorona-pcb.kicad_pcb
[board_modifier.py:82]: Setting D68 footprint position: (220580000, 132805000)
[board_modifier.py:62]: Searching for S68 footprint in /home/thousandeyed/Documents/Keyboard projects/vorona/source/vorona-pcb/vorona-pcb.kicad_pcb
[board_modifier.py:65]: Footprint not found
[board_modifier.py:95]: Getting MX69 footprint position: (241693750, 139300000)
[board_modifier.py:62]: Searching for D69 footprint in /home/thousandeyed/Documents/Keyboard projects/vorona/source/vorona-pcb/vorona-pcb.kicad_pcb
[board_modifier.py:82]: Setting D69 footprint position: (246773750, 142330000)
[board_modifier.py:62]: Searching for S69 footprint in /home/thousandeyed/Documents/Keyboard projects/vorona/source/vorona-pcb/vorona-pcb.kicad_pcb
[board_modifier.py:82]: Setting S69 footprint position: (241693750, 139300000)
[board_modifier.py:95]: Getting MX70 footprint position: (36906250, 148825000)
[board_modifier.py:62]: Searching for D70 footprint in /home/thousandeyed/Documents/Keyboard projects/vorona/source/vorona-pcb/vorona-pcb.kicad_pcb
[board_modifier.py:82]: Setting D70 footprint position: (41986250, 151855000)
[board_modifier.py:62]: Searching for S70 footprint in /home/thousandeyed/Documents/Keyboard projects/vorona/source/vorona-pcb/vorona-pcb.kicad_pcb
[board_modifier.py:65]: Footprint not found
[board_modifier.py:95]: Getting MX71 footprint position: (58337500, 148825000)
[board_modifier.py:62]: Searching for D71 footprint in /home/thousandeyed/Documents/Keyboard projects/vorona/source/vorona-pcb/vorona-pcb.kicad_pcb
[board_modifier.py:82]: Setting D71 footprint position: (63417500, 151855000)
[board_modifier.py:62]: Searching for S71 footprint in /home/thousandeyed/Documents/Keyboard projects/vorona/source/vorona-pcb/vorona-pcb.kicad_pcb
[board_modifier.py:65]: Footprint not found
[board_modifier.py:95]: Getting MX72 footprint position: (220262500, 148825000)
[board_modifier.py:62]: Searching for D72 footprint in /home/thousandeyed/Documents/Keyboard projects/vorona/source/vorona-pcb/vorona-pcb.kicad_pcb
[board_modifier.py:82]: Setting D72 footprint position: (225342500, 151855000)
[board_modifier.py:62]: Searching for S72 footprint in /home/thousandeyed/Documents/Keyboard projects/vorona/source/vorona-pcb/vorona-pcb.kicad_pcb
[board_modifier.py:65]: Footprint not found
[board_modifier.py:95]: Getting MX73 footprint position: (241693750, 148825000)
[board_modifier.py:62]: Searching for D73 footprint in /home/thousandeyed/Documents/Keyboard projects/vorona/source/vorona-pcb/vorona-pcb.kicad_pcb
[board_modifier.py:82]: Setting D73 footprint position: (246773750, 151855000)
[board_modifier.py:62]: Searching for S73 footprint in /home/thousandeyed/Documents/Keyboard projects/vorona/source/vorona-pcb/vorona-pcb.kicad_pcb
[board_modifier.py:65]: Footprint not found
[board_modifier.py:95]: Getting MX74 footprint position: (82150000, 153587500)
[board_modifier.py:62]: Searching for D74 footprint in /home/thousandeyed/Documents/Keyboard projects/vorona/source/vorona-pcb/vorona-pcb.kicad_pcb
[board_modifier.py:82]: Setting D74 footprint position: (87230000, 156617500)
[board_modifier.py:62]: Searching for S74 footprint in /home/thousandeyed/Documents/Keyboard projects/vorona/source/vorona-pcb/vorona-pcb.kicad_pcb
[board_modifier.py:65]: Footprint not found
[board_modifier.py:95]: Getting MX75 footprint position: (117868750, 153587500)
[board_modifier.py:62]: Searching for D75 footprint in /home/thousandeyed/Documents/Keyboard projects/vorona/source/vorona-pcb/vorona-pcb.kicad_pcb
[board_modifier.py:82]: Setting D75 footprint position: (122948750, 156617500)
[board_modifier.py:62]: Searching for S75 footprint in /home/thousandeyed/Documents/Keyboard projects/vorona/source/vorona-pcb/vorona-pcb.kicad_pcb
[board_modifier.py:82]: Setting S75 footprint position: (117868750, 153587500)
[board_modifier.py:95]: Getting MX76 footprint position: (165493750, 153587500)
[board_modifier.py:62]: Searching for D76 footprint in /home/thousandeyed/Documents/Keyboard projects/vorona/source/vorona-pcb/vorona-pcb.kicad_pcb
[board_modifier.py:82]: Setting D76 footprint position: (170573750, 156617500)
[board_modifier.py:62]: Searching for S76 footprint in /home/thousandeyed/Documents/Keyboard projects/vorona/source/vorona-pcb/vorona-pcb.kicad_pcb
[board_modifier.py:82]: Setting S76 footprint position: (165493750, 153587500)
[board_modifier.py:95]: Getting MX77 footprint position: (196450000, 153587500)
[board_modifier.py:62]: Searching for D77 footprint in /home/thousandeyed/Documents/Keyboard projects/vorona/source/vorona-pcb/vorona-pcb.kicad_pcb
[board_modifier.py:82]: Setting D77 footprint position: (201530000, 156617500)
[board_modifier.py:62]: Searching for S77 footprint in /home/thousandeyed/Documents/Keyboard projects/vorona/source/vorona-pcb/vorona-pcb.kicad_pcb
[board_modifier.py:65]: Footprint not found
[board_modifier.py:95]: Getting MX78 footprint position: (36906250, 167875000)
[board_modifier.py:62]: Searching for D78 footprint in /home/thousandeyed/Documents/Keyboard projects/vorona/source/vorona-pcb/vorona-pcb.kicad_pcb
[board_modifier.py:82]: Setting D78 footprint position: (41986250, 170905000)
[board_modifier.py:62]: Searching for S78 footprint in /home/thousandeyed/Documents/Keyboard projects/vorona/source/vorona-pcb/vorona-pcb.kicad_pcb
[board_modifier.py:65]: Footprint not found
[board_modifier.py:95]: Getting MX79 footprint position: (241693750, 167875000)
[board_modifier.py:62]: Searching for D79 footprint in /home/thousandeyed/Documents/Keyboard projects/vorona/source/vorona-pcb/vorona-pcb.kicad_pcb
[board_modifier.py:82]: Setting D79 footprint position: (246773750, 170905000)
[board_modifier.py:62]: Searching for S79 footprint in /home/thousandeyed/Documents/Keyboard projects/vorona/source/vorona-pcb/vorona-pcb.kicad_pcb
[board_modifier.py:65]: Footprint not found
[board_modifier.py:95]: Getting MX80 footprint position: (63100000, 172637500)
[board_modifier.py:62]: Searching for D80 footprint in /home/thousandeyed/Documents/Keyboard projects/vorona/source/vorona-pcb/vorona-pcb.kicad_pcb
[board_modifier.py:82]: Setting D80 footprint position: (68180000, 175667500)
[board_modifier.py:62]: Searching for S80 footprint in /home/thousandeyed/Documents/Keyboard projects/vorona/source/vorona-pcb/vorona-pcb.kicad_pcb
[board_modifier.py:65]: Footprint not found
[board_modifier.py:95]: Getting MX81 footprint position: (139300000, 172637500)
[board_modifier.py:62]: Searching for D81 footprint in /home/thousandeyed/Documents/Keyboard projects/vorona/source/vorona-pcb/vorona-pcb.kicad_pcb
[board_modifier.py:82]: Setting D81 footprint position: (144380000, 175667500)
[board_modifier.py:62]: Searching for S81 footprint in /home/thousandeyed/Documents/Keyboard projects/vorona/source/vorona-pcb/vorona-pcb.kicad_pcb
[board_modifier.py:82]: Setting S81 footprint position: (139300000, 172637500)
[board_modifier.py:95]: Getting MX82 footprint position: (215500000, 172637500)
[board_modifier.py:62]: Searching for D82 footprint in /home/thousandeyed/Documents/Keyboard projects/vorona/source/vorona-pcb/vorona-pcb.kicad_pcb
[board_modifier.py:82]: Setting D82 footprint position: (220580000, 175667500)
[board_modifier.py:62]: Searching for S82 footprint in /home/thousandeyed/Documents/Keyboard projects/vorona/source/vorona-pcb/vorona-pcb.kicad_pcb
[board_modifier.py:65]: Footprint not found
[board_modifier.py:62]: Searching for D1 footprint in /home/thousandeyed/Documents/Keyboard projects/vorona/source/vorona-pcb/vorona-pcb.kicad_pcb
[key_placer.py:93]: Routing MX1 with D1
[key_placer.py:133]: Could not find pads with the same net, routing skipped
[board_modifier.py:62]: Searching for D2 footprint in /home/thousandeyed/Documents/Keyboard projects/vorona/source/vorona-pcb/vorona-pcb.kicad_pcb
[key_placer.py:93]: Routing MX2 with D2
[key_placer.py:133]: Could not find pads with the same net, routing skipped
[board_modifier.py:62]: Searching for D3 footprint in /home/thousandeyed/Documents/Keyboard projects/vorona/source/vorona-pcb/vorona-pcb.kicad_pcb
[key_placer.py:93]: Routing MX3 with D3
[key_placer.py:133]: Could not find pads with the same net, routing skipped
[board_modifier.py:62]: Searching for D4 footprint in /home/thousandeyed/Documents/Keyboard projects/vorona/source/vorona-pcb/vorona-pcb.kicad_pcb
[key_placer.py:93]: Routing MX4 with D4
[key_placer.py:133]: Could not find pads with the same net, routing skipped
[board_modifier.py:62]: Searching for D5 footprint in /home/thousandeyed/Documents/Keyboard projects/vorona/source/vorona-pcb/vorona-pcb.kicad_pcb
[key_placer.py:93]: Routing MX5 with D5
[key_placer.py:133]: Could not find pads with the same net, routing skipped
[board_modifier.py:62]: Searching for D6 footprint in /home/thousandeyed/Documents/Keyboard projects/vorona/source/vorona-pcb/vorona-pcb.kicad_pcb
[key_placer.py:93]: Routing MX6 with D6
[key_placer.py:133]: Could not find pads with the same net, routing skipped
[board_modifier.py:62]: Searching for D7 footprint in /home/thousandeyed/Documents/Keyboard projects/vorona/source/vorona-pcb/vorona-pcb.kicad_pcb
[key_placer.py:93]: Routing MX7 with D7
[key_placer.py:133]: Could not find pads with the same net, routing skipped
[board_modifier.py:62]: Searching for D8 footprint in /home/thousandeyed/Documents/Keyboard projects/vorona/source/vorona-pcb/vorona-pcb.kicad_pcb
[key_placer.py:93]: Routing MX8 with D8
[key_placer.py:133]: Could not find pads with the same net, routing skipped
[board_modifier.py:62]: Searching for D9 footprint in /home/thousandeyed/Documents/Keyboard projects/vorona/source/vorona-pcb/vorona-pcb.kicad_pcb
[key_placer.py:93]: Routing MX9 with D9
[key_placer.py:133]: Could not find pads with the same net, routing skipped
[board_modifier.py:62]: Searching for D10 footprint in /home/thousandeyed/Documents/Keyboard projects/vorona/source/vorona-pcb/vorona-pcb.kicad_pcb
[key_placer.py:93]: Routing MX10 with D10
[key_placer.py:133]: Could not find pads with the same net, routing skipped
[board_modifier.py:62]: Searching for D11 footprint in /home/thousandeyed/Documents/Keyboard projects/vorona/source/vorona-pcb/vorona-pcb.kicad_pcb
[key_placer.py:93]: Routing MX11 with D11
[key_placer.py:133]: Could not find pads with the same net, routing skipped
[board_modifier.py:62]: Searching for D12 footprint in /home/thousandeyed/Documents/Keyboard projects/vorona/source/vorona-pcb/vorona-pcb.kicad_pcb
[key_placer.py:93]: Routing MX12 with D12
[key_placer.py:133]: Could not find pads with the same net, routing skipped
[board_modifier.py:62]: Searching for D13 footprint in /home/thousandeyed/Documents/Keyboard projects/vorona/source/vorona-pcb/vorona-pcb.kicad_pcb
[key_placer.py:93]: Routing MX13 with D13
[key_placer.py:133]: Could not find pads with the same net, routing skipped
[board_modifier.py:62]: Searching for D14 footprint in /home/thousandeyed/Documents/Keyboard projects/vorona/source/vorona-pcb/vorona-pcb.kicad_pcb
[key_placer.py:93]: Routing MX14 with D14
[key_placer.py:133]: Could not find pads with the same net, routing skipped
[board_modifier.py:62]: Searching for D15 footprint in /home/thousandeyed/Documents/Keyboard projects/vorona/source/vorona-pcb/vorona-pcb.kicad_pcb
[key_placer.py:93]: Routing MX15 with D15
[key_placer.py:133]: Could not find pads with the same net, routing skipped
[board_modifier.py:62]: Searching for D16 footprint in /home/thousandeyed/Documents/Keyboard projects/vorona/source/vorona-pcb/vorona-pcb.kicad_pcb
[key_placer.py:93]: Routing MX16 with D16
[key_placer.py:133]: Could not find pads with the same net, routing skipped
[board_modifier.py:62]: Searching for D17 footprint in /home/thousandeyed/Documents/Keyboard projects/vorona/source/vorona-pcb/vorona-pcb.kicad_pcb
[key_placer.py:93]: Routing MX17 with D17
[key_placer.py:133]: Could not find pads with the same net, routing skipped
[board_modifier.py:62]: Searching for D18 footprint in /home/thousandeyed/Documents/Keyboard projects/vorona/source/vorona-pcb/vorona-pcb.kicad_pcb
[key_placer.py:93]: Routing MX18 with D18
[key_placer.py:133]: Could not find pads with the same net, routing skipped
[board_modifier.py:62]: Searching for D19 footprint in /home/thousandeyed/Documents/Keyboard projects/vorona/source/vorona-pcb/vorona-pcb.kicad_pcb
[key_placer.py:93]: Routing MX19 with D19
[key_placer.py:133]: Could not find pads with the same net, routing skipped
[board_modifier.py:62]: Searching for D20 footprint in /home/thousandeyed/Documents/Keyboard projects/vorona/source/vorona-pcb/vorona-pcb.kicad_pcb
[key_placer.py:93]: Routing MX20 with D20
[key_placer.py:133]: Could not find pads with the same net, routing skipped
[board_modifier.py:62]: Searching for D21 footprint in /home/thousandeyed/Documents/Keyboard projects/vorona/source/vorona-pcb/vorona-pcb.kicad_pcb
[key_placer.py:93]: Routing MX21 with D21
[key_placer.py:133]: Could not find pads with the same net, routing skipped
[board_modifier.py:62]: Searching for D22 footprint in /home/thousandeyed/Documents/Keyboard projects/vorona/source/vorona-pcb/vorona-pcb.kicad_pcb
[key_placer.py:93]: Routing MX22 with D22
[key_placer.py:133]: Could not find pads with the same net, routing skipped
[board_modifier.py:62]: Searching for D23 footprint in /home/thousandeyed/Documents/Keyboard projects/vorona/source/vorona-pcb/vorona-pcb.kicad_pcb
[key_placer.py:93]: Routing MX23 with D23
[key_placer.py:133]: Could not find pads with the same net, routing skipped
[board_modifier.py:62]: Searching for D24 footprint in /home/thousandeyed/Documents/Keyboard projects/vorona/source/vorona-pcb/vorona-pcb.kicad_pcb
[key_placer.py:93]: Routing MX24 with D24
[key_placer.py:133]: Could not find pads with the same net, routing skipped
[board_modifier.py:62]: Searching for D25 footprint in /home/thousandeyed/Documents/Keyboard projects/vorona/source/vorona-pcb/vorona-pcb.kicad_pcb
[key_placer.py:93]: Routing MX25 with D25
[key_placer.py:133]: Could not find pads with the same net, routing skipped
[board_modifier.py:62]: Searching for D26 footprint in /home/thousandeyed/Documents/Keyboard projects/vorona/source/vorona-pcb/vorona-pcb.kicad_pcb
[key_placer.py:93]: Routing MX26 with D26
[key_placer.py:133]: Could not find pads with the same net, routing skipped
[board_modifier.py:62]: Searching for D27 footprint in /home/thousandeyed/Documents/Keyboard projects/vorona/source/vorona-pcb/vorona-pcb.kicad_pcb
[key_placer.py:93]: Routing MX27 with D27
[key_placer.py:133]: Could not find pads with the same net, routing skipped
[board_modifier.py:62]: Searching for D28 footprint in /home/thousandeyed/Documents/Keyboard projects/vorona/source/vorona-pcb/vorona-pcb.kicad_pcb
[key_placer.py:93]: Routing MX28 with D28
[key_placer.py:133]: Could not find pads with the same net, routing skipped
[board_modifier.py:62]: Searching for D29 footprint in /home/thousandeyed/Documents/Keyboard projects/vorona/source/vorona-pcb/vorona-pcb.kicad_pcb
[key_placer.py:93]: Routing MX29 with D29
[key_placer.py:133]: Could not find pads with the same net, routing skipped
[board_modifier.py:62]: Searching for D30 footprint in /home/thousandeyed/Documents/Keyboard projects/vorona/source/vorona-pcb/vorona-pcb.kicad_pcb
[key_placer.py:93]: Routing MX30 with D30
[key_placer.py:133]: Could not find pads with the same net, routing skipped
[board_modifier.py:62]: Searching for D31 footprint in /home/thousandeyed/Documents/Keyboard projects/vorona/source/vorona-pcb/vorona-pcb.kicad_pcb
[key_placer.py:93]: Routing MX31 with D31
[key_placer.py:133]: Could not find pads with the same net, routing skipped
[board_modifier.py:62]: Searching for D32 footprint in /home/thousandeyed/Documents/Keyboard projects/vorona/source/vorona-pcb/vorona-pcb.kicad_pcb
[key_placer.py:93]: Routing MX32 with D32
[key_placer.py:133]: Could not find pads with the same net, routing skipped
[board_modifier.py:62]: Searching for D33 footprint in /home/thousandeyed/Documents/Keyboard projects/vorona/source/vorona-pcb/vorona-pcb.kicad_pcb
[key_placer.py:93]: Routing MX33 with D33
[key_placer.py:133]: Could not find pads with the same net, routing skipped
[board_modifier.py:62]: Searching for D34 footprint in /home/thousandeyed/Documents/Keyboard projects/vorona/source/vorona-pcb/vorona-pcb.kicad_pcb
[key_placer.py:93]: Routing MX34 with D34
[key_placer.py:133]: Could not find pads with the same net, routing skipped
[board_modifier.py:62]: Searching for D35 footprint in /home/thousandeyed/Documents/Keyboard projects/vorona/source/vorona-pcb/vorona-pcb.kicad_pcb
[key_placer.py:93]: Routing MX35 with D35
[key_placer.py:133]: Could not find pads with the same net, routing skipped
[board_modifier.py:62]: Searching for D36 footprint in /home/thousandeyed/Documents/Keyboard projects/vorona/source/vorona-pcb/vorona-pcb.kicad_pcb
[key_placer.py:93]: Routing MX36 with D36
[key_placer.py:133]: Could not find pads with the same net, routing skipped
[board_modifier.py:62]: Searching for D37 footprint in /home/thousandeyed/Documents/Keyboard projects/vorona/source/vorona-pcb/vorona-pcb.kicad_pcb
[key_placer.py:93]: Routing MX37 with D37
[key_placer.py:133]: Could not find pads with the same net, routing skipped
[board_modifier.py:62]: Searching for D38 footprint in /home/thousandeyed/Documents/Keyboard projects/vorona/source/vorona-pcb/vorona-pcb.kicad_pcb
[key_placer.py:93]: Routing MX38 with D38
[key_placer.py:133]: Could not find pads with the same net, routing skipped
[board_modifier.py:62]: Searching for D39 footprint in /home/thousandeyed/Documents/Keyboard projects/vorona/source/vorona-pcb/vorona-pcb.kicad_pcb
[key_placer.py:93]: Routing MX39 with D39
[key_placer.py:133]: Could not find pads with the same net, routing skipped
[board_modifier.py:62]: Searching for D40 footprint in /home/thousandeyed/Documents/Keyboard projects/vorona/source/vorona-pcb/vorona-pcb.kicad_pcb
[key_placer.py:93]: Routing MX40 with D40
[key_placer.py:133]: Could not find pads with the same net, routing skipped
[board_modifier.py:62]: Searching for D41 footprint in /home/thousandeyed/Documents/Keyboard projects/vorona/source/vorona-pcb/vorona-pcb.kicad_pcb
[key_placer.py:93]: Routing MX41 with D41
[key_placer.py:133]: Could not find pads with the same net, routing skipped
[board_modifier.py:62]: Searching for D42 footprint in /home/thousandeyed/Documents/Keyboard projects/vorona/source/vorona-pcb/vorona-pcb.kicad_pcb
[key_placer.py:93]: Routing MX42 with D42
[key_placer.py:133]: Could not find pads with the same net, routing skipped
[board_modifier.py:62]: Searching for D43 footprint in /home/thousandeyed/Documents/Keyboard projects/vorona/source/vorona-pcb/vorona-pcb.kicad_pcb
[key_placer.py:93]: Routing MX43 with D43
[key_placer.py:133]: Could not find pads with the same net, routing skipped
[board_modifier.py:62]: Searching for D44 footprint in /home/thousandeyed/Documents/Keyboard projects/vorona/source/vorona-pcb/vorona-pcb.kicad_pcb
[key_placer.py:93]: Routing MX44 with D44
[key_placer.py:133]: Could not find pads with the same net, routing skipped
[board_modifier.py:62]: Searching for D45 footprint in /home/thousandeyed/Documents/Keyboard projects/vorona/source/vorona-pcb/vorona-pcb.kicad_pcb
[key_placer.py:93]: Routing MX45 with D45
[key_placer.py:133]: Could not find pads with the same net, routing skipped
[board_modifier.py:62]: Searching for D46 footprint in /home/thousandeyed/Documents/Keyboard projects/vorona/source/vorona-pcb/vorona-pcb.kicad_pcb
[key_placer.py:93]: Routing MX46 with D46
[key_placer.py:133]: Could not find pads with the same net, routing skipped
[board_modifier.py:62]: Searching for D47 footprint in /home/thousandeyed/Documents/Keyboard projects/vorona/source/vorona-pcb/vorona-pcb.kicad_pcb
[key_placer.py:93]: Routing MX47 with D47
[key_placer.py:133]: Could not find pads with the same net, routing skipped
[board_modifier.py:62]: Searching for D48 footprint in /home/thousandeyed/Documents/Keyboard projects/vorona/source/vorona-pcb/vorona-pcb.kicad_pcb
[key_placer.py:93]: Routing MX48 with D48
[key_placer.py:133]: Could not find pads with the same net, routing skipped
[board_modifier.py:62]: Searching for D49 footprint in /home/thousandeyed/Documents/Keyboard projects/vorona/source/vorona-pcb/vorona-pcb.kicad_pcb
[key_placer.py:93]: Routing MX49 with D49
[key_placer.py:133]: Could not find pads with the same net, routing skipped
[board_modifier.py:62]: Searching for D50 footprint in /home/thousandeyed/Documents/Keyboard projects/vorona/source/vorona-pcb/vorona-pcb.kicad_pcb
[key_placer.py:93]: Routing MX50 with D50
[key_placer.py:133]: Could not find pads with the same net, routing skipped
[board_modifier.py:62]: Searching for D51 footprint in /home/thousandeyed/Documents/Keyboard projects/vorona/source/vorona-pcb/vorona-pcb.kicad_pcb
[key_placer.py:93]: Routing MX51 with D51
[key_placer.py:133]: Could not find pads with the same net, routing skipped
[board_modifier.py:62]: Searching for D52 footprint in /home/thousandeyed/Documents/Keyboard projects/vorona/source/vorona-pcb/vorona-pcb.kicad_pcb
[key_placer.py:93]: Routing MX52 with D52
[key_placer.py:133]: Could not find pads with the same net, routing skipped
[board_modifier.py:62]: Searching for D53 footprint in /home/thousandeyed/Documents/Keyboard projects/vorona/source/vorona-pcb/vorona-pcb.kicad_pcb
[key_placer.py:93]: Routing MX53 with D53
[key_placer.py:133]: Could not find pads with the same net, routing skipped
[board_modifier.py:62]: Searching for D54 footprint in /home/thousandeyed/Documents/Keyboard projects/vorona/source/vorona-pcb/vorona-pcb.kicad_pcb
[key_placer.py:93]: Routing MX54 with D54
[key_placer.py:133]: Could not find pads with the same net, routing skipped
[board_modifier.py:62]: Searching for D55 footprint in /home/thousandeyed/Documents/Keyboard projects/vorona/source/vorona-pcb/vorona-pcb.kicad_pcb
[key_placer.py:93]: Routing MX55 with D55
[key_placer.py:133]: Could not find pads with the same net, routing skipped
[board_modifier.py:62]: Searching for D56 footprint in /home/thousandeyed/Documents/Keyboard projects/vorona/source/vorona-pcb/vorona-pcb.kicad_pcb
[key_placer.py:93]: Routing MX56 with D56
[key_placer.py:133]: Could not find pads with the same net, routing skipped
[board_modifier.py:62]: Searching for D57 footprint in /home/thousandeyed/Documents/Keyboard projects/vorona/source/vorona-pcb/vorona-pcb.kicad_pcb
[key_placer.py:93]: Routing MX57 with D57
[key_placer.py:133]: Could not find pads with the same net, routing skipped
[board_modifier.py:62]: Searching for D58 footprint in /home/thousandeyed/Documents/Keyboard projects/vorona/source/vorona-pcb/vorona-pcb.kicad_pcb
[key_placer.py:93]: Routing MX58 with D58
[key_placer.py:133]: Could not find pads with the same net, routing skipped
[board_modifier.py:62]: Searching for D59 footprint in /home/thousandeyed/Documents/Keyboard projects/vorona/source/vorona-pcb/vorona-pcb.kicad_pcb
[key_placer.py:93]: Routing MX59 with D59
[key_placer.py:133]: Could not find pads with the same net, routing skipped
[board_modifier.py:62]: Searching for D60 footprint in /home/thousandeyed/Documents/Keyboard projects/vorona/source/vorona-pcb/vorona-pcb.kicad_pcb
[key_placer.py:93]: Routing MX60 with D60
[key_placer.py:133]: Could not find pads with the same net, routing skipped
[board_modifier.py:62]: Searching for D61 footprint in /home/thousandeyed/Documents/Keyboard projects/vorona/source/vorona-pcb/vorona-pcb.kicad_pcb
[key_placer.py:93]: Routing MX61 with D61
[key_placer.py:133]: Could not find pads with the same net, routing skipped
[board_modifier.py:62]: Searching for D62 footprint in /home/thousandeyed/Documents/Keyboard projects/vorona/source/vorona-pcb/vorona-pcb.kicad_pcb
[key_placer.py:93]: Routing MX62 with D62
[key_placer.py:133]: Could not find pads with the same net, routing skipped
[board_modifier.py:62]: Searching for D63 footprint in /home/thousandeyed/Documents/Keyboard projects/vorona/source/vorona-pcb/vorona-pcb.kicad_pcb
[key_placer.py:93]: Routing MX63 with D63
[key_placer.py:133]: Could not find pads with the same net, routing skipped
[board_modifier.py:62]: Searching for D64 footprint in /home/thousandeyed/Documents/Keyboard projects/vorona/source/vorona-pcb/vorona-pcb.kicad_pcb
[key_placer.py:93]: Routing MX64 with D64
[key_placer.py:133]: Could not find pads with the same net, routing skipped
[board_modifier.py:62]: Searching for D65 footprint in /home/thousandeyed/Documents/Keyboard projects/vorona/source/vorona-pcb/vorona-pcb.kicad_pcb
[key_placer.py:93]: Routing MX65 with D65
[key_placer.py:133]: Could not find pads with the same net, routing skipped
[board_modifier.py:62]: Searching for D66 footprint in /home/thousandeyed/Documents/Keyboard projects/vorona/source/vorona-pcb/vorona-pcb.kicad_pcb
[key_placer.py:93]: Routing MX66 with D66
[key_placer.py:133]: Could not find pads with the same net, routing skipped
[board_modifier.py:62]: Searching for D67 footprint in /home/thousandeyed/Documents/Keyboard projects/vorona/source/vorona-pcb/vorona-pcb.kicad_pcb
[key_placer.py:93]: Routing MX67 with D67
[key_placer.py:133]: Could not find pads with the same net, routing skipped
[board_modifier.py:62]: Searching for D68 footprint in /home/thousandeyed/Documents/Keyboard projects/vorona/source/vorona-pcb/vorona-pcb.kicad_pcb
[key_placer.py:93]: Routing MX68 with D68
[key_placer.py:133]: Could not find pads with the same net, routing skipped
[board_modifier.py:62]: Searching for D69 footprint in /home/thousandeyed/Documents/Keyboard projects/vorona/source/vorona-pcb/vorona-pcb.kicad_pcb
[key_placer.py:93]: Routing MX69 with D69
[key_placer.py:133]: Could not find pads with the same net, routing skipped
[board_modifier.py:62]: Searching for D70 footprint in /home/thousandeyed/Documents/Keyboard projects/vorona/source/vorona-pcb/vorona-pcb.kicad_pcb
[key_placer.py:93]: Routing MX70 with D70
[key_placer.py:133]: Could not find pads with the same net, routing skipped
[board_modifier.py:62]: Searching for D71 footprint in /home/thousandeyed/Documents/Keyboard projects/vorona/source/vorona-pcb/vorona-pcb.kicad_pcb
[key_placer.py:93]: Routing MX71 with D71
[key_placer.py:133]: Could not find pads with the same net, routing skipped
[board_modifier.py:62]: Searching for D72 footprint in /home/thousandeyed/Documents/Keyboard projects/vorona/source/vorona-pcb/vorona-pcb.kicad_pcb
[key_placer.py:93]: Routing MX72 with D72
[key_placer.py:133]: Could not find pads with the same net, routing skipped
[board_modifier.py:62]: Searching for D73 footprint in /home/thousandeyed/Documents/Keyboard projects/vorona/source/vorona-pcb/vorona-pcb.kicad_pcb
[key_placer.py:93]: Routing MX73 with D73
[key_placer.py:133]: Could not find pads with the same net, routing skipped
[board_modifier.py:62]: Searching for D74 footprint in /home/thousandeyed/Documents/Keyboard projects/vorona/source/vorona-pcb/vorona-pcb.kicad_pcb
[key_placer.py:93]: Routing MX74 with D74
[key_placer.py:133]: Could not find pads with the same net, routing skipped
[board_modifier.py:62]: Searching for D75 footprint in /home/thousandeyed/Documents/Keyboard projects/vorona/source/vorona-pcb/vorona-pcb.kicad_pcb
[key_placer.py:93]: Routing MX75 with D75
[key_placer.py:133]: Could not find pads with the same net, routing skipped
[board_modifier.py:62]: Searching for D76 footprint in /home/thousandeyed/Documents/Keyboard projects/vorona/source/vorona-pcb/vorona-pcb.kicad_pcb
[key_placer.py:93]: Routing MX76 with D76
[key_placer.py:133]: Could not find pads with the same net, routing skipped
[board_modifier.py:62]: Searching for D77 footprint in /home/thousandeyed/Documents/Keyboard projects/vorona/source/vorona-pcb/vorona-pcb.kicad_pcb
[key_placer.py:93]: Routing MX77 with D77
[key_placer.py:133]: Could not find pads with the same net, routing skipped
[board_modifier.py:62]: Searching for D78 footprint in /home/thousandeyed/Documents/Keyboard projects/vorona/source/vorona-pcb/vorona-pcb.kicad_pcb
[key_placer.py:93]: Routing MX78 with D78
[key_placer.py:133]: Could not find pads with the same net, routing skipped
[board_modifier.py:62]: Searching for D79 footprint in /home/thousandeyed/Documents/Keyboard projects/vorona/source/vorona-pcb/vorona-pcb.kicad_pcb
[key_placer.py:93]: Routing MX79 with D79
[key_placer.py:133]: Could not find pads with the same net, routing skipped
[board_modifier.py:62]: Searching for D80 footprint in /home/thousandeyed/Documents/Keyboard projects/vorona/source/vorona-pcb/vorona-pcb.kicad_pcb
[key_placer.py:93]: Routing MX80 with D80
[key_placer.py:133]: Could not find pads with the same net, routing skipped
[board_modifier.py:62]: Searching for D81 footprint in /home/thousandeyed/Documents/Keyboard projects/vorona/source/vorona-pcb/vorona-pcb.kicad_pcb
[key_placer.py:93]: Routing MX81 with D81
[key_placer.py:133]: Could not find pads with the same net, routing skipped
[board_modifier.py:62]: Searching for D82 footprint in /home/thousandeyed/Documents/Keyboard projects/vorona/source/vorona-pcb/vorona-pcb.kicad_pcb
[key_placer.py:93]: Routing MX82 with D82
[key_placer.py:133]: Could not find pads with the same net, routing skipped
[key_placer.py:149]: Removing dangling tracks
